[INFO  - 2021-02-09T07:13:35.087Z] GhostDriver - Main - running on port 64269
[INFO  - 2021-02-09T07:13:37.181Z] Session [5406cfa0-6aa6-11eb-bb66-f912c96a00b1] - page.settings - {"XSSAuditingEnabled":false,"javascriptCanCloseWindows":true,"javascriptCanOpenWindows":true,"javascriptEnabled":true,"loadImages":true,"localToRemoteUrlAccessEnabled":false,"userAgent":"Mozilla/5.0 (Windows NT 6.2; WOW64) AppleWebKit/538.1 (KHTML, like Gecko) PhantomJS/2.1.1 Safari/538.1","webSecurityEnabled":true}
[INFO  - 2021-02-09T07:13:37.182Z] Session [5406cfa0-6aa6-11eb-bb66-f912c96a00b1] - page.customHeaders:  - {}
[INFO  - 2021-02-09T07:13:37.182Z] Session [5406cfa0-6aa6-11eb-bb66-f912c96a00b1] - Session.negotiatedCapabilities - {"browserName":"phantomjs","version":"2.1.1","driverName":"ghostdriver","driverVersion":"1.2.0","platform":"windows-10-32bit","javascriptEnabled":true,"takesScreenshot":true,"handlesAlerts":false,"databaseEnabled":false,"locationContextEnabled":false,"applicationCacheEnabled":false,"browserConnectionEnabled":false,"cssSelectorsEnabled":true,"webStorageEnabled":false,"rotatable":false,"acceptSslCerts":false,"nativeEvents":true,"proxy":{"proxyType":"direct"}}
[INFO  - 2021-02-09T07:13:37.182Z] SessionManagerReqHand - _postNewSessionCommand - New Session Created: 5406cfa0-6aa6-11eb-bb66-f912c96a00b1
[ERROR - 2021-02-09T07:13:38.646Z] Session [5406cfa0-6aa6-11eb-bb66-f912c96a00b1] - page.onError - msg: TypeError: undefined is not a constructor (evaluating 'navigator.userAgent.includes('Prerender')')

  phantomjs://platform/console++.js:263 in error
[ERROR - 2021-02-09T07:13:38.646Z] Session [5406cfa0-6aa6-11eb-bb66-f912c96a00b1] - page.onError - stack:
  global code (https://mamaearth.in/product/ubtan-night-face-mask-with-turmeric-niacinamide-for-glowing-skin-100-g:3)
  insertBefore (:0)
  activateScript (https://ajax.cloudflare.com/cdn-cgi/scripts/7089c43e/cloudflare-static/rocket-loader.min.js:1)
  (anonymous function) (https://ajax.cloudflare.com/cdn-cgi/scripts/7089c43e/cloudflare-static/rocket-loader.min.js:1)
  run (https://ajax.cloudflare.com/cdn-cgi/scripts/7089c43e/cloudflare-static/rocket-loader.min.js:1)
  (anonymous function) (https://ajax.cloudflare.com/cdn-cgi/scripts/7089c43e/cloudflare-static/rocket-loader.min.js:1)
  (anonymous function) (https://ajax.cloudflare.com/cdn-cgi/scripts/7089c43e/cloudflare-static/rocket-loader.min.js:1)

  phantomjs://platform/console++.js:263 in error
[ERROR - 2021-02-09T07:13:38.648Z] Session [5406cfa0-6aa6-11eb-bb66-f912c96a00b1] - page.onError - msg: SyntaxError: Unexpected token '>'

  phantomjs://platform/console++.js:263 in error
[ERROR - 2021-02-09T07:13:38.648Z] Session [5406cfa0-6aa6-11eb-bb66-f912c96a00b1] - page.onError - stack:
  insertBefore (https://mamaearth.in/product/ubtan-night-face-mask-with-turmeric-niacinamide-for-glowing-skin-100-g:4)
  activateScript (https://ajax.cloudflare.com/cdn-cgi/scripts/7089c43e/cloudflare-static/rocket-loader.min.js:1)
  (anonymous function) (https://ajax.cloudflare.com/cdn-cgi/scripts/7089c43e/cloudflare-static/rocket-loader.min.js:1)
  run (https://ajax.cloudflare.com/cdn-cgi/scripts/7089c43e/cloudflare-static/rocket-loader.min.js:1)
  (anonymous function) (https://ajax.cloudflare.com/cdn-cgi/scripts/7089c43e/cloudflare-static/rocket-loader.min.js:1)
  (anonymous function) (https://ajax.cloudflare.com/cdn-cgi/scripts/7089c43e/cloudflare-static/rocket-loader.min.js:1)

  phantomjs://platform/console++.js:263 in error
[ERROR - 2021-02-09T07:13:39.176Z] Session [5406cfa0-6aa6-11eb-bb66-f912c96a00b1] - page.onError - msg: ReferenceError: Can't find variable: Map

  phantomjs://platform/console++.js:263 in error
[ERROR - 2021-02-09T07:13:39.176Z] Session [5406cfa0-6aa6-11eb-bb66-f912c96a00b1] - page.onError - stack:
  yl30 (https://mamaearth.in/_next/static/chunks/commons.a581bb8b30f727393bb8.js:1)
  c (https://mamaearth.in/_next/static/runtime/webpack-73369a51a8a807066b72.js:1)
  i8i4 (https://mamaearth.in/_next/static/chunks/commons.a581bb8b30f727393bb8.js:1)
  c (https://mamaearth.in/_next/static/runtime/webpack-73369a51a8a807066b72.js:1)
  IKlv (https://mamaearth.in/_next/static/runtime/main-f0b25b7d312ab1e5a241.js:1)
  c (https://mamaearth.in/_next/static/runtime/webpack-73369a51a8a807066b72.js:1)
  BMP1 (https://mamaearth.in/_next/static/runtime/main-f0b25b7d312ab1e5a241.js:1)
  c (https://mamaearth.in/_next/static/runtime/webpack-73369a51a8a807066b72.js:1)
  t (https://mamaearth.in/_next/static/runtime/webpack-73369a51a8a807066b72.js:1)
  r (https://mamaearth.in/_next/static/runtime/webpack-73369a51a8a807066b72.js:1)

  phantomjs://platform/console++.js:263 in error
